app/build/intermediates/manifest_merge_blame_file/release/manifest-merger-blame-release-report.txt
1<?xml version="1.0" encoding="utf-8"?>
2<manifest xmlns:android="http://schemas.android.com/apk/res/android"
3    package="com.d4rk.androidtutorials.java"
4    android:installLocation="auto"
5    android:versionCode="20"
6    android:versionName="4.0_r1" >
7
8    <uses-sdk
9        android:minSdkVersion="26"
10        android:targetSdkVersion="34" />
11
12    <uses-permission android:name="com.google.android.gms.permission.AD_ID" />
12-->src\main\AndroidManifest.xml:5:5-78
12-->src\main\AndroidManifest.xml:5:22-76
13    <uses-permission android:name="android.permission.INTERNET" />
13-->src\main\AndroidManifest.xml:6:5-66
13-->src\main\AndroidManifest.xml:6:22-64
14    <uses-permission android:name="android.permission.POST_NOTIFICATIONS" />
14-->src\main\AndroidManifest.xml:7:5-76
14-->src\main\AndroidManifest.xml:7:22-74
15    <uses-permission android:name="android.permission.ACCESS_NETWORK_STATE" />
15-->src\main\AndroidManifest.xml:8:5-78
15-->src\main\AndroidManifest.xml:8:22-76
16    <uses-permission android:name="android.permission.ACCESS_NOTIFICATION_POLICY" />
16-->src\main\AndroidManifest.xml:9:5-84
16-->src\main\AndroidManifest.xml:9:22-82
17    <uses-permission android:name="com.android.vending.BILLING" />
17-->src\main\AndroidManifest.xml:10:5-66
17-->src\main\AndroidManifest.xml:10:22-64
18    <uses-permission android:name="com.android.vending.CHECK_LICENSE" />
18-->src\main\AndroidManifest.xml:11:5-72
18-->src\main\AndroidManifest.xml:11:22-70
19    <uses-permission android:name="android.permission.FOREGROUND_SERVICE" />
19-->src\main\AndroidManifest.xml:12:5-76
19-->src\main\AndroidManifest.xml:12:22-74
20
21    <queries>
21-->src\main\AndroidManifest.xml:13:5-18:15
22        <intent>
22-->src\main\AndroidManifest.xml:14:9-17:18
23            <action android:name="android.intent.action.VIEW" />
23-->src\main\AndroidManifest.xml:15:13-64
23-->src\main\AndroidManifest.xml:15:21-62
24
25            <data android:scheme="https" />
25-->src\main\AndroidManifest.xml:16:13-43
25-->src\main\AndroidManifest.xml:16:19-41
26        </intent>
27        <intent>
27-->[com.android.billingclient:billing:6.0.1] AndroidManifest.xml:13:9-15:18
28            <action android:name="com.android.vending.billing.InAppBillingService.BIND" />
28-->[com.android.billingclient:billing:6.0.1] AndroidManifest.xml:14:13-91
28-->[com.android.billingclient:billing:6.0.1] AndroidManifest.xml:14:21-88
29        </intent> <!-- For browser content -->
30        <intent>
30-->[com.google.android.gms:play-services-ads-lite:22.2.0] AndroidManifest.xml:35:9-41:18
31            <action android:name="android.intent.action.VIEW" />
31-->src\main\AndroidManifest.xml:15:13-64
31-->src\main\AndroidManifest.xml:15:21-62
32
33            <category android:name="android.intent.category.BROWSABLE" />
33-->[com.google.android.gms:play-services-ads-lite:22.2.0] AndroidManifest.xml:38:13-74
33-->[com.google.android.gms:play-services-ads-lite:22.2.0] AndroidManifest.xml:38:23-71
34
35            <data android:scheme="https" />
35-->src\main\AndroidManifest.xml:16:13-43
35-->src\main\AndroidManifest.xml:16:19-41
36        </intent> <!-- End of browser content -->
37        <!-- For CustomTabsService -->
38        <intent>
38-->[com.google.android.gms:play-services-ads-lite:22.2.0] AndroidManifest.xml:44:9-46:18
39            <action android:name="android.support.customtabs.action.CustomTabsService" />
39-->[com.google.android.gms:play-services-ads-lite:22.2.0] AndroidManifest.xml:45:13-90
39-->[com.google.android.gms:play-services-ads-lite:22.2.0] AndroidManifest.xml:45:21-87
40        </intent>
41    </queries>
42
43    <uses-permission android:name="android.permission.WAKE_LOCK" />
43-->[com.google.android.gms:play-services-measurement:21.3.0] AndroidManifest.xml:25:5-68
43-->[com.google.android.gms:play-services-measurement:21.3.0] AndroidManifest.xml:25:22-65
44    <uses-permission android:name="com.google.android.finsky.permission.BIND_GET_INSTALL_REFERRER_SERVICE" />
44-->[com.google.android.gms:play-services-measurement:21.3.0] AndroidManifest.xml:26:5-110
44-->[com.google.android.gms:play-services-measurement:21.3.0] AndroidManifest.xml:26:22-107
45
46    <permission
46-->[androidx.core:core:1.10.1] AndroidManifest.xml:22:5-24:47
47        android:name="com.d4rk.androidtutorials.java.DYNAMIC_RECEIVER_NOT_EXPORTED_PERMISSION"
47-->[androidx.core:core:1.10.1] AndroidManifest.xml:23:9-81
48        android:protectionLevel="signature" />
48-->[androidx.core:core:1.10.1] AndroidManifest.xml:24:9-44
49
50    <uses-permission android:name="com.d4rk.androidtutorials.java.DYNAMIC_RECEIVER_NOT_EXPORTED_PERMISSION" />
50-->[androidx.core:core:1.10.1] AndroidManifest.xml:26:5-97
50-->[androidx.core:core:1.10.1] AndroidManifest.xml:26:22-94
51
52    <application
52-->src\main\AndroidManifest.xml:19:5-390:19
53        android:name="com.d4rk.androidtutorials.java.ads.managers.AppOpenAd"
53-->src\main\AndroidManifest.xml:20:9-47
54        android:appCategory="productivity"
54-->src\main\AndroidManifest.xml:21:9-43
55        android:appComponentFactory="androidx.core.app.CoreComponentFactory"
55-->[androidx.core:core:1.10.1] AndroidManifest.xml:28:18-86
56        android:description="@string/app_description"
56-->src\main\AndroidManifest.xml:22:9-54
57        android:enableOnBackInvokedCallback="true"
57-->src\main\AndroidManifest.xml:23:9-51
58        android:extractNativeLibs="false"
59        android:icon="@mipmap/ic_launcher"
59-->src\main\AndroidManifest.xml:24:9-43
60        android:label="@string/app_name"
60-->src\main\AndroidManifest.xml:25:9-41
61        android:localeConfig="@xml/config_locales"
61-->src\main\AndroidManifest.xml:26:9-51
62        android:logo="@drawable/ic_launcher_foreground"
62-->src\main\AndroidManifest.xml:27:9-56
63        android:resizeableActivity="true"
63-->src\main\AndroidManifest.xml:28:9-42
64        android:roundIcon="@mipmap/ic_launcher"
64-->src\main\AndroidManifest.xml:29:9-48
65        android:supportsRtl="true"
65-->src\main\AndroidManifest.xml:30:9-35
66        android:theme="@style/AppThemeActionBar" >
66-->src\main\AndroidManifest.xml:31:9-49
67        <activity
67-->src\main\AndroidManifest.xml:33:9-45:20
68            android:name="com.d4rk.androidtutorials.java.MainActivity"
68-->src\main\AndroidManifest.xml:34:13-41
69            android:exported="true"
69-->src\main\AndroidManifest.xml:35:13-36
70            android:theme="@style/SplashScreenTheme" >
70-->src\main\AndroidManifest.xml:36:13-53
71            <intent-filter>
71-->src\main\AndroidManifest.xml:37:13-41:29
72                <action android:name="android.intent.action.VIEW" />
72-->src\main\AndroidManifest.xml:15:13-64
72-->src\main\AndroidManifest.xml:15:21-62
73                <action android:name="android.intent.action.MAIN" />
73-->src\main\AndroidManifest.xml:39:17-68
73-->src\main\AndroidManifest.xml:39:25-66
74
75                <category android:name="android.intent.category.LAUNCHER" />
75-->src\main\AndroidManifest.xml:40:17-76
75-->src\main\AndroidManifest.xml:40:27-74
76            </intent-filter>
77
78            <meta-data
78-->src\main\AndroidManifest.xml:42:13-44:52
79                android:name="android.app.shortcuts"
79-->src\main\AndroidManifest.xml:43:17-53
80                android:resource="@xml/shortcuts" />
80-->src\main\AndroidManifest.xml:44:17-50
81        </activity>
82        <activity
82-->src\main\AndroidManifest.xml:46:9-48:46
83            android:name="com.d4rk.androidtutorials.java.ui.startup.StartupActivity"
83-->src\main\AndroidManifest.xml:47:13-55
84            android:theme="@style/AppTheme" />
84-->src\main\AndroidManifest.xml:48:13-44
85        <activity
85-->src\main\AndroidManifest.xml:49:9-53:91
86            android:name="com.d4rk.androidtutorials.java.ui.android.buttons.switches.SwitchCodeActivity"
86-->src\main\AndroidManifest.xml:50:13-75
87            android:exported="false"
87-->src\main\AndroidManifest.xml:51:13-37
88            android:label="@string/switches"
88-->src\main\AndroidManifest.xml:52:13-45
89            android:parentActivityName="com.d4rk.androidtutorials.java.ui.android.buttons.switches.SwitchCodeActivity" />
89-->src\main\AndroidManifest.xml:53:13-89
90        <activity
90-->src\main\AndroidManifest.xml:54:9-58:90
91            android:name="com.d4rk.androidtutorials.java.ui.android.buttons.radio.RadioButtonsActivity"
91-->src\main\AndroidManifest.xml:55:13-74
92            android:exported="false"
92-->src\main\AndroidManifest.xml:56:13-37
93            android:label="@string/radio_buttons"
93-->src\main\AndroidManifest.xml:57:13-50
94            android:parentActivityName="com.d4rk.androidtutorials.java.ui.android.buttons.radio.RadioButtonsActivity" />
94-->src\main\AndroidManifest.xml:58:13-88
95        <activity
95-->src\main\AndroidManifest.xml:59:9-63:94
96            android:name="com.d4rk.androidtutorials.java.ui.android.buttons.radio.RadioButtonsCodeActivity"
96-->src\main\AndroidManifest.xml:60:13-78
97            android:exported="false"
97-->src\main\AndroidManifest.xml:61:13-37
98            android:label="@string/radio_buttons"
98-->src\main\AndroidManifest.xml:62:13-50
99            android:parentActivityName="com.d4rk.androidtutorials.java.ui.android.buttons.radio.RadioButtonsCodeActivity" />
99-->src\main\AndroidManifest.xml:63:13-92
100        <activity
100-->src\main\AndroidManifest.xml:64:9-68:82
101            android:name="com.d4rk.androidtutorials.java.ui.android.alerts.toast.ToastActivity"
101-->src\main\AndroidManifest.xml:65:13-66
102            android:exported="false"
102-->src\main\AndroidManifest.xml:66:13-37
103            android:label="@string/toast"
103-->src\main\AndroidManifest.xml:67:13-42
104            android:parentActivityName="com.d4rk.androidtutorials.java.ui.android.alerts.toast.ToastActivity" />
104-->src\main\AndroidManifest.xml:68:13-80
105        <activity
105-->src\main\AndroidManifest.xml:69:9-73:86
106            android:name="com.d4rk.androidtutorials.java.ui.android.alerts.toast.ToastCodeActivity"
106-->src\main\AndroidManifest.xml:70:13-70
107            android:exported="false"
107-->src\main\AndroidManifest.xml:71:13-37
108            android:label="@string/toast"
108-->src\main\AndroidManifest.xml:72:13-42
109            android:parentActivityName="com.d4rk.androidtutorials.java.ui.android.alerts.toast.ToastCodeActivity" />
109-->src\main\AndroidManifest.xml:73:13-84
110        <activity
110-->src\main\AndroidManifest.xml:74:9-78:90
111            android:name="com.d4rk.androidtutorials.java.ui.android.buttons.image.ImageButtonsActivity"
111-->src\main\AndroidManifest.xml:75:13-74
112            android:exported="false"
112-->src\main\AndroidManifest.xml:76:13-37
113            android:label="@string/image_buttons"
113-->src\main\AndroidManifest.xml:77:13-50
114            android:parentActivityName="com.d4rk.androidtutorials.java.ui.android.buttons.image.ImageButtonsActivity" />
114-->src\main\AndroidManifest.xml:78:13-88
115        <activity
115-->src\main\AndroidManifest.xml:79:9-83:94
116            android:name="com.d4rk.androidtutorials.java.ui.android.buttons.image.ImageButtonsCodeActivity"
116-->src\main\AndroidManifest.xml:80:13-78
117            android:exported="false"
117-->src\main\AndroidManifest.xml:81:13-37
118            android:label="@string/image_buttons"
118-->src\main\AndroidManifest.xml:82:13-50
119            android:parentActivityName="com.d4rk.androidtutorials.java.ui.android.buttons.image.ImageButtonsCodeActivity" />
119-->src\main\AndroidManifest.xml:83:13-92
120        <activity
120-->src\main\AndroidManifest.xml:84:9-88:83
121            android:name="com.d4rk.androidtutorials.java.ui.android.views.images.ImagesActivity"
121-->src\main\AndroidManifest.xml:85:13-67
122            android:exported="false"
122-->src\main\AndroidManifest.xml:86:13-37
123            android:label="@string/image_view"
123-->src\main\AndroidManifest.xml:87:13-47
124            android:parentActivityName="com.d4rk.androidtutorials.java.ui.android.views.images.ImagesActivity" />
124-->src\main\AndroidManifest.xml:88:13-81
125        <activity
125-->src\main\AndroidManifest.xml:89:9-93:87
126            android:name="com.d4rk.androidtutorials.java.ui.android.views.images.ImagesCodeActivity"
126-->src\main\AndroidManifest.xml:90:13-71
127            android:exported="false"
127-->src\main\AndroidManifest.xml:91:13-37
128            android:label="@string/image_view"
128-->src\main\AndroidManifest.xml:92:13-47
129            android:parentActivityName="com.d4rk.androidtutorials.java.ui.android.views.images.ImagesCodeActivity" />
129-->src\main\AndroidManifest.xml:93:13-85
130        <activity
130-->src\main\AndroidManifest.xml:94:9-98:88
131            android:name="com.d4rk.androidtutorials.java.ui.android.alerts.snackbar.SnackBarActivity"
131-->src\main\AndroidManifest.xml:95:13-72
132            android:exported="false"
132-->src\main\AndroidManifest.xml:96:13-37
133            android:label="@string/snack_bar"
133-->src\main\AndroidManifest.xml:97:13-46
134            android:parentActivityName="com.d4rk.androidtutorials.java.ui.android.alerts.snackbar.SnackBarActivity" />
134-->src\main\AndroidManifest.xml:98:13-86
135        <activity
135-->src\main\AndroidManifest.xml:99:9-103:92
136            android:name="com.d4rk.androidtutorials.java.ui.android.alerts.snackbar.SnackBarCodeActivity"
136-->src\main\AndroidManifest.xml:100:13-76
137            android:exported="false"
137-->src\main\AndroidManifest.xml:101:13-37
138            android:label="@string/snack_bar"
138-->src\main\AndroidManifest.xml:102:13-46
139            android:parentActivityName="com.d4rk.androidtutorials.java.ui.android.alerts.snackbar.SnackBarCodeActivity" />
139-->src\main\AndroidManifest.xml:103:13-90
140        <activity
140-->src\main\AndroidManifest.xml:104:9-108:86
141            android:name="com.d4rk.androidtutorials.java.ui.android.clocks.clock.ClockCodeActivity"
141-->src\main\AndroidManifest.xml:105:13-70
142            android:exported="false"
142-->src\main\AndroidManifest.xml:106:13-37
143            android:label="@string/clocks"
143-->src\main\AndroidManifest.xml:107:13-43
144            android:parentActivityName="com.d4rk.androidtutorials.java.ui.android.clocks.clock.ClockCodeActivity" />
144-->src\main\AndroidManifest.xml:108:13-84
145        <activity
145-->src\main\AndroidManifest.xml:109:9-113:82
146            android:name="com.d4rk.androidtutorials.java.ui.android.clocks.clock.ClockActivity"
146-->src\main\AndroidManifest.xml:110:13-66
147            android:exported="false"
147-->src\main\AndroidManifest.xml:111:13-37
148            android:label="@string/clocks"
148-->src\main\AndroidManifest.xml:112:13-43
149            android:parentActivityName="com.d4rk.androidtutorials.java.ui.android.clocks.clock.ClockActivity" />
149-->src\main\AndroidManifest.xml:113:13-80
150        <activity
150-->src\main\AndroidManifest.xml:114:9-118:96
151            android:name="com.d4rk.androidtutorials.java.ui.android.clocks.timepicker.TimePickerCodeActivity"
151-->src\main\AndroidManifest.xml:115:13-80
152            android:exported="false"
152-->src\main\AndroidManifest.xml:116:13-37
153            android:label="@string/timepicker"
153-->src\main\AndroidManifest.xml:117:13-47
154            android:parentActivityName="com.d4rk.androidtutorials.java.ui.android.clocks.timepicker.TimePickerCodeActivity" />
154-->src\main\AndroidManifest.xml:118:13-94
155        <activity
155-->src\main\AndroidManifest.xml:119:9-123:92
156            android:name="com.d4rk.androidtutorials.java.ui.android.clocks.timepicker.TimePickerActivity"
156-->src\main\AndroidManifest.xml:120:13-76
157            android:exported="false"
157-->src\main\AndroidManifest.xml:121:13-37
158            android:label="@string/timepicker"
158-->src\main\AndroidManifest.xml:122:13-47
159            android:parentActivityName="com.d4rk.androidtutorials.java.ui.android.clocks.timepicker.TimePickerActivity" />
159-->src\main\AndroidManifest.xml:123:13-90
160        <activity
160-->src\main\AndroidManifest.xml:124:9-128:81
161            android:name="com.d4rk.androidtutorials.java.ui.android.views.web.WebViewActivity"
161-->src\main\AndroidManifest.xml:125:13-65
162            android:exported="false"
162-->src\main\AndroidManifest.xml:126:13-37
163            android:label="@string/web_view"
163-->src\main\AndroidManifest.xml:127:13-45
164            android:parentActivityName="com.d4rk.androidtutorials.java.ui.android.views.web.WebViewActivity" />
164-->src\main\AndroidManifest.xml:128:13-79
165        <activity
165-->src\main\AndroidManifest.xml:129:9-133:85
166            android:name="com.d4rk.androidtutorials.java.ui.android.views.web.WebViewCodeActivity"
166-->src\main\AndroidManifest.xml:130:13-69
167            android:exported="false"
167-->src\main\AndroidManifest.xml:131:13-37
168            android:label="@string/web_view"
168-->src\main\AndroidManifest.xml:132:13-45
169            android:parentActivityName="com.d4rk.androidtutorials.java.ui.android.views.web.WebViewCodeActivity" />
169-->src\main\AndroidManifest.xml:133:13-83
170        <activity
170-->src\main\AndroidManifest.xml:134:9-138:96
171            android:name="com.d4rk.androidtutorials.java.ui.android.progress.progressbar.ProgressBarActivity"
171-->src\main\AndroidManifest.xml:135:13-80
172            android:exported="false"
172-->src\main\AndroidManifest.xml:136:13-37
173            android:label="@string/progress_bar"
173-->src\main\AndroidManifest.xml:137:13-49
174            android:parentActivityName="com.d4rk.androidtutorials.java.ui.android.progress.progressbar.ProgressBarActivity" />
174-->src\main\AndroidManifest.xml:138:13-94
175        <activity
175-->src\main\AndroidManifest.xml:139:9-143:100
176            android:name="com.d4rk.androidtutorials.java.ui.android.progress.progressbar.ProgressBarCodeActivity"
176-->src\main\AndroidManifest.xml:140:13-84
177            android:exported="false"
177-->src\main\AndroidManifest.xml:141:13-37
178            android:label="@string/progress_bar"
178-->src\main\AndroidManifest.xml:142:13-49
179            android:parentActivityName="com.d4rk.androidtutorials.java.ui.android.progress.progressbar.ProgressBarCodeActivity" />
179-->src\main\AndroidManifest.xml:143:13-98
180        <activity
180-->src\main\AndroidManifest.xml:144:9-148:103
181            android:name="com.d4rk.androidtutorials.java.ui.android.notifications.simple.SimpleNotificationActivity"
181-->src\main\AndroidManifest.xml:145:13-87
182            android:exported="false"
182-->src\main\AndroidManifest.xml:146:13-37
183            android:label="@string/simple_notifications"
183-->src\main\AndroidManifest.xml:147:13-57
184            android:parentActivityName="com.d4rk.androidtutorials.java.ui.android.notifications.simple.SimpleNotificationActivity" />
184-->src\main\AndroidManifest.xml:148:13-101
185        <activity
185-->src\main\AndroidManifest.xml:149:9-153:107
186            android:name="com.d4rk.androidtutorials.java.ui.android.notifications.simple.SimpleNotificationCodeActivity"
186-->src\main\AndroidManifest.xml:150:13-91
187            android:exported="false"
187-->src\main\AndroidManifest.xml:151:13-37
188            android:label="@string/simple_notifications"
188-->src\main\AndroidManifest.xml:152:13-57
189            android:parentActivityName="com.d4rk.androidtutorials.java.ui.android.notifications.simple.SimpleNotificationCodeActivity" />
189-->src\main\AndroidManifest.xml:153:13-105
190        <activity
190-->src\main\AndroidManifest.xml:154:9-158:101
191            android:name="com.d4rk.androidtutorials.java.ui.android.notifications.inbox.InboxNotificationActivity"
191-->src\main\AndroidManifest.xml:155:13-85
192            android:exported="false"
192-->src\main\AndroidManifest.xml:156:13-37
193            android:label="@string/inbox_notifications"
193-->src\main\AndroidManifest.xml:157:13-56
194            android:parentActivityName="com.d4rk.androidtutorials.java.ui.android.notifications.inbox.InboxNotificationActivity" />
194-->src\main\AndroidManifest.xml:158:13-99
195        <activity
195-->src\main\AndroidManifest.xml:159:9-163:105
196            android:name="com.d4rk.androidtutorials.java.ui.android.notifications.inbox.InboxNotificationCodeActivity"
196-->src\main\AndroidManifest.xml:160:13-89
197            android:exported="false"
197-->src\main\AndroidManifest.xml:161:13-37
198            android:label="@string/inbox_notifications"
198-->src\main\AndroidManifest.xml:162:13-56
199            android:parentActivityName="com.d4rk.androidtutorials.java.ui.android.notifications.inbox.InboxNotificationCodeActivity" />
199-->src\main\AndroidManifest.xml:163:13-103
200        <activity
200-->src\main\AndroidManifest.xml:164:9-169:57
201            android:name="com.d4rk.androidtutorials.java.ui.android.textboxes.passwordbox.PasswordBoxActivity"
201-->src\main\AndroidManifest.xml:165:13-81
202            android:exported="false"
202-->src\main\AndroidManifest.xml:166:13-37
203            android:label="@string/password_box"
203-->src\main\AndroidManifest.xml:167:13-49
204            android:parentActivityName="com.d4rk.androidtutorials.java.ui.android.textboxes.passwordbox.PasswordBoxActivity"
204-->src\main\AndroidManifest.xml:168:13-95
205            android:windowSoftInputMode="adjustResize" />
205-->src\main\AndroidManifest.xml:169:13-55
206        <activity
206-->src\main\AndroidManifest.xml:170:9-174:101
207            android:name="com.d4rk.androidtutorials.java.ui.android.textboxes.passwordbox.PasswordBoxCodeActivity"
207-->src\main\AndroidManifest.xml:171:13-85
208            android:exported="false"
208-->src\main\AndroidManifest.xml:172:13-37
209            android:label="@string/password_box"
209-->src\main\AndroidManifest.xml:173:13-49
210            android:parentActivityName="com.d4rk.androidtutorials.java.ui.android.textboxes.passwordbox.PasswordBoxCodeActivity" />
210-->src\main\AndroidManifest.xml:174:13-99
211        <activity
211-->src\main\AndroidManifest.xml:175:9-179:96
212            android:name="com.d4rk.androidtutorials.java.ui.android.clocks.datepicker.DatePickerCodeActivity"
212-->src\main\AndroidManifest.xml:176:13-80
213            android:exported="false"
213-->src\main\AndroidManifest.xml:177:13-37
214            android:label="@string/datepicker"
214-->src\main\AndroidManifest.xml:178:13-47
215            android:parentActivityName="com.d4rk.androidtutorials.java.ui.android.clocks.datepicker.DatePickerCodeActivity" />
215-->src\main\AndroidManifest.xml:179:13-94
216        <activity
216-->src\main\AndroidManifest.xml:180:9-184:92
217            android:name="com.d4rk.androidtutorials.java.ui.android.clocks.datepicker.DatePickerActivity"
217-->src\main\AndroidManifest.xml:181:13-76
218            android:exported="false"
218-->src\main\AndroidManifest.xml:182:13-37
219            android:label="@string/datepicker"
219-->src\main\AndroidManifest.xml:183:13-47
220            android:parentActivityName="com.d4rk.androidtutorials.java.ui.android.clocks.datepicker.DatePickerActivity" />
220-->src\main\AndroidManifest.xml:184:13-90
221        <activity
221-->src\main\AndroidManifest.xml:185:9-190:57
222            android:name="com.d4rk.androidtutorials.java.ui.android.textboxes.textbox.TextboxActivity"
222-->src\main\AndroidManifest.xml:186:13-73
223            android:exported="false"
223-->src\main\AndroidManifest.xml:187:13-37
224            android:label="@string/textbox"
224-->src\main\AndroidManifest.xml:188:13-44
225            android:parentActivityName="com.d4rk.androidtutorials.java.ui.android.textboxes.textbox.TextboxActivity"
225-->src\main\AndroidManifest.xml:189:13-87
226            android:windowSoftInputMode="adjustResize" />
226-->src\main\AndroidManifest.xml:190:13-55
227        <activity
227-->src\main\AndroidManifest.xml:191:9-195:93
228            android:name="com.d4rk.androidtutorials.java.ui.android.textboxes.textbox.TextboxCodeActivity"
228-->src\main\AndroidManifest.xml:192:13-77
229            android:exported="false"
229-->src\main\AndroidManifest.xml:193:13-37
230            android:label="@string/textbox"
230-->src\main\AndroidManifest.xml:194:13-44
231            android:parentActivityName="com.d4rk.androidtutorials.java.ui.android.textboxes.textbox.TextboxCodeActivity" />
231-->src\main\AndroidManifest.xml:195:13-91
232        <activity
232-->src\main\AndroidManifest.xml:196:9-200:94
233            android:name="com.d4rk.androidtutorials.java.ui.android.alerts.alertdialog.AlertDialogActivity"
233-->src\main\AndroidManifest.xml:197:13-78
234            android:exported="false"
234-->src\main\AndroidManifest.xml:198:13-37
235            android:label="@string/alert_dialog"
235-->src\main\AndroidManifest.xml:199:13-49
236            android:parentActivityName="com.d4rk.androidtutorials.java.ui.android.alerts.alertdialog.AlertDialogActivity" />
236-->src\main\AndroidManifest.xml:200:13-92
237        <activity
237-->src\main\AndroidManifest.xml:201:9-205:98
238            android:name="com.d4rk.androidtutorials.java.ui.android.alerts.alertdialog.AlertDialogCodeActivity"
238-->src\main\AndroidManifest.xml:202:13-82
239            android:exported="false"
239-->src\main\AndroidManifest.xml:203:13-37
240            android:label="@string/alert_dialog"
240-->src\main\AndroidManifest.xml:204:13-49
241            android:parentActivityName="com.d4rk.androidtutorials.java.ui.android.alerts.alertdialog.AlertDialogCodeActivity" />
241-->src\main\AndroidManifest.xml:205:13-96
242        <activity
242-->src\main\AndroidManifest.xml:206:9-210:88
243            android:name="com.d4rk.androidtutorials.java.ui.settings.permissions.PermissionsActivity"
243-->src\main\AndroidManifest.xml:207:13-72
244            android:exported="false"
244-->src\main\AndroidManifest.xml:208:13-37
245            android:label="@string/permissions"
245-->src\main\AndroidManifest.xml:209:13-48
246            android:parentActivityName="com.d4rk.androidtutorials.java.ui.settings.permissions.PermissionsActivity" />
246-->src\main\AndroidManifest.xml:210:13-86
247        <activity
247-->src\main\AndroidManifest.xml:211:9-215:90
248            android:name="com.d4rk.androidtutorials.java.ui.android.basics.shortcuts.ShortcutsActivity"
248-->src\main\AndroidManifest.xml:212:13-74
249            android:exported="false"
249-->src\main\AndroidManifest.xml:213:13-37
250            android:label="@string/shortcuts"
250-->src\main\AndroidManifest.xml:214:13-46
251            android:parentActivityName="com.d4rk.androidtutorials.java.ui.android.basics.shortcuts.ShortcutsActivity" />
251-->src\main\AndroidManifest.xml:215:13-88
252        <activity
252-->src\main\AndroidManifest.xml:216:9-220:99
253            android:name="com.d4rk.androidtutorials.java.ui.android.basics.shortcuts.tabs.CodeShortcutsActivity"
253-->src\main\AndroidManifest.xml:217:13-83
254            android:exported="false"
254-->src\main\AndroidManifest.xml:218:13-37
255            android:label="@string/writing_code"
255-->src\main\AndroidManifest.xml:219:13-49
256            android:parentActivityName="com.d4rk.androidtutorials.java.ui.android.basics.shortcuts.tabs.CodeShortcutsActivity" />
256-->src\main\AndroidManifest.xml:220:13-97
257        <activity
257-->src\main\AndroidManifest.xml:221:9-225:102
258            android:name="com.d4rk.androidtutorials.java.ui.android.basics.shortcuts.tabs.GeneralShortcutsActivity"
258-->src\main\AndroidManifest.xml:222:13-86
259            android:exported="false"
259-->src\main\AndroidManifest.xml:223:13-37
260            android:label="@string/general"
260-->src\main\AndroidManifest.xml:224:13-44
261            android:parentActivityName="com.d4rk.androidtutorials.java.ui.android.basics.shortcuts.tabs.GeneralShortcutsActivity" />
261-->src\main\AndroidManifest.xml:225:13-100
262        <activity
262-->src\main\AndroidManifest.xml:226:9-230:106
263            android:name="com.d4rk.androidtutorials.java.ui.android.basics.shortcuts.tabs.RefactoringShortcutsActivity"
263-->src\main\AndroidManifest.xml:227:13-90
264            android:exported="false"
264-->src\main\AndroidManifest.xml:228:13-37
265            android:label="@string/refactoring"
265-->src\main\AndroidManifest.xml:229:13-48
266            android:parentActivityName="com.d4rk.androidtutorials.java.ui.android.basics.shortcuts.tabs.RefactoringShortcutsActivity" />
266-->src\main\AndroidManifest.xml:230:13-104
267        <activity
267-->src\main\AndroidManifest.xml:231:9-235:100
268            android:name="com.d4rk.androidtutorials.java.ui.android.basics.shortcuts.tabs.BuildShortcutsActivity"
268-->src\main\AndroidManifest.xml:232:13-84
269            android:exported="false"
269-->src\main\AndroidManifest.xml:233:13-37
270            android:label="@string/build_and_run"
270-->src\main\AndroidManifest.xml:234:13-50
271            android:parentActivityName="com.d4rk.androidtutorials.java.ui.android.basics.shortcuts.tabs.BuildShortcutsActivity" />
271-->src\main\AndroidManifest.xml:235:13-98
272        <activity
272-->src\main\AndroidManifest.xml:236:9-240:94
273            android:name="com.d4rk.androidtutorials.java.ui.android.clocks.chronometer.ChronometerActivity"
273-->src\main\AndroidManifest.xml:237:13-78
274            android:exported="false"
274-->src\main\AndroidManifest.xml:238:13-37
275            android:label="@string/chronometer"
275-->src\main\AndroidManifest.xml:239:13-48
276            android:parentActivityName="com.d4rk.androidtutorials.java.ui.android.clocks.chronometer.ChronometerActivity" />
276-->src\main\AndroidManifest.xml:240:13-92
277        <activity
277-->src\main\AndroidManifest.xml:241:9-245:98
278            android:name="com.d4rk.androidtutorials.java.ui.android.clocks.chronometer.ChronometerCodeActivity"
278-->src\main\AndroidManifest.xml:242:13-82